<?xml version="1.0" encoding="UTF-8"?>
<!-- Generated by org.testng.reporters.JUnitReportReporter -->
<testsuite skipped="0" hostname="DESKTOP-U72JIPD" name="HMS.Admin.Testcases.LoginTest" tests="1" failures="0" timestamp="2022-02-25T17:59:57 GMT" time="32.342" errors="0">
  <testcase name="loginpagetest" time="32.342" classname="HMS.Admin.Testcases.LoginTest"/>
  <system-out/>
</testsuite> <!-- HMS.Admin.Testcases.LoginTest -->
