<?xml version="1.0" encoding="UTF-8"?>
<!-- Generated by org.testng.reporters.JUnitReportReporter -->
<testsuite skipped="0" hostname="DESKTOP-U72JIPD" name="HMS.Admin.Testcases.FrontofficeTest" tests="1" failures="0" timestamp="2022-02-25T17:59:57 GMT" time="26.586" errors="0">
  <testcase name="ffvisitor" time="26.586" classname="HMS.Admin.Testcases.FrontofficeTest"/>
  <system-out/>
</testsuite> <!-- HMS.Admin.Testcases.FrontofficeTest -->
